<?xml version="1.0" encoding="UTF-8"?>
<!-- Generated by org.testng.reporters.JUnitReportReporter -->
<testsuite skipped="0" hostname="del1-lhp-n01868" name="com.herokuapp.theinternet.NegativeTests" tests="2" failures="0" timestamp="04 Jun 2020 15:02:22 GMT" time="46.663" errors="0">
  <testcase name="negativeLoginTest" time="23.050" classname="com.herokuapp.theinternet.NegativeTests"/>
  <testcase name="negativeLoginTest" time="23.613" classname="com.herokuapp.theinternet.NegativeTests"/>
</testsuite> <!-- com.herokuapp.theinternet.NegativeTests -->
