<?xml version="1.0" encoding="UTF-8"?>
<!-- Generated by org.testng.reporters.JUnitReportReporter -->
<testsuite skipped="0" hostname="del1-lhp-n01868" name="com.herokuapp.theinternet.uploadtests.UploadTests" tests="3" failures="0" timestamp="15 Jun 2020 11:18:25 GMT" time="74.125" errors="0">
  <testcase name="fileUploadTest" time="16.532" classname="com.herokuapp.theinternet.uploadtests.UploadTests"/>
  <testcase name="fileUploadTest" time="26.639" classname="com.herokuapp.theinternet.uploadtests.UploadTests"/>
  <testcase name="fileUploadTest" time="30.954" classname="com.herokuapp.theinternet.uploadtests.UploadTests"/>
</testsuite> <!-- com.herokuapp.theinternet.uploadtests.UploadTests -->
