<?xml version="1.0" encoding="UTF-8"?>
<!-- Generated by org.testng.reporters.JUnitReportReporter -->
<testsuite skipped="0" hostname="del1-lhp-n01868" name="com.herokuapp.theinternet.horizontalslidertests.HorizontalSliderTests" tests="2" failures="0" timestamp="15 Jun 2020 11:11:00 GMT" time="45.643" errors="0">
  <testcase name="sliderTest" time="26.105" classname="com.herokuapp.theinternet.horizontalslidertests.HorizontalSliderTests"/>
  <testcase name="sliderTest" time="19.538" classname="com.herokuapp.theinternet.horizontalslidertests.HorizontalSliderTests"/>
</testsuite> <!-- com.herokuapp.theinternet.horizontalslidertests.HorizontalSliderTests -->
