<?xml version="1.0" encoding="UTF-8"?>
<!-- Generated by org.testng.reporters.JUnitReportReporter -->
<testsuite skipped="0" hostname="del1-lhp-n01868" name="com.herokuapp.theinternet.dropdowntests.DropDownTest" tests="1" failures="0" timestamp="15 Jun 2020 11:08:47 GMT" time="18.644" errors="0">
  <testcase name="optionTwoTest" time="18.644" classname="com.herokuapp.theinternet.dropdowntests.DropDownTest"/>
</testsuite> <!-- com.herokuapp.theinternet.dropdowntests.DropDownTest -->
