<?xml version="1.0" encoding="UTF-8"?>
<!-- Generated by org.testng.reporters.JUnitReportReporter -->
<testsuite skipped="0" hostname="del1-lhp-n01868" name="com.herokuapp.theinternet.checkboxespagetests.CheckBoxesTests" tests="1" failures="0" timestamp="15 Jun 2020 10:58:15 GMT" time="63.771" errors="0">
  <testcase name="selectingTwoCheckboxesTest" time="63.771" classname="com.herokuapp.theinternet.checkboxespagetests.CheckBoxesTests"/>
</testsuite> <!-- com.herokuapp.theinternet.checkboxespagetests.CheckBoxesTests -->
