<?xml version="1.0" encoding="UTF-8"?>
<!-- Generated by org.testng.reporters.JUnitReportReporter -->
<testsuite skipped="0" hostname="del1-lhp-n01868" name="com.herokuapp.theinternet.draganddroptests.DragAndDropTests" tests="2" failures="0" timestamp="15 Jun 2020 10:59:19 GMT" time="42.476" errors="0">
  <testcase name="dragAToBTest" time="21.095" classname="com.herokuapp.theinternet.draganddroptests.DragAndDropTests"/>
  <testcase name="dragAToBTest" time="21.381" classname="com.herokuapp.theinternet.draganddroptests.DragAndDropTests"/>
</testsuite> <!-- com.herokuapp.theinternet.draganddroptests.DragAndDropTests -->
