<?xml version="1.0" encoding="UTF-8"?>
<!-- Generated by org.testng.reporters.JUnitReportReporter -->
<testsuite skipped="0" hostname="del1-lhp-n01868" name="com.herokuapp.theinternet.keypressestests.KeyPressesTests" tests="2" failures="0" timestamp="15 Jun 2020 11:16:28 GMT" time="47.006" errors="0">
  <testcase name="pressKeyWithActionsTest" time="20.386" classname="com.herokuapp.theinternet.keypressestests.KeyPressesTests"/>
  <testcase name="pressKeyWithActionsTest" time="26.620" classname="com.herokuapp.theinternet.keypressestests.KeyPressesTests"/>
</testsuite> <!-- com.herokuapp.theinternet.keypressestests.KeyPressesTests -->
