<?xml version="1.0" encoding="UTF-8"?>
<!-- Generated by org.testng.reporters.JUnitReportReporter -->
<testsuite skipped="0" hostname="del1-lhp-n01868" name="com.herokuapp.theinternet.ExceptionsTests" tests="1" failures="0" timestamp="08 Jun 2020 16:10:06 GMT" time="16.367" errors="0">
  <testcase name="notVisibleTest" time="16.367" classname="com.herokuapp.theinternet.ExceptionsTests"/>
</testsuite> <!-- com.herokuapp.theinternet.ExceptionsTests -->
