<?xml version="1.0" encoding="UTF-8"?>
<!-- Generated by org.testng.reporters.JUnitReportReporter -->
<testsuite skipped="0" hostname="del1-lhp-n01868" name="com.herokuapp.theinternet.windowstests.WindowsTests" tests="1" failures="0" timestamp="15 Jun 2020 11:19:16 GMT" time="34.461" errors="0">
  <testcase name="newWindowTest" time="34.461" classname="com.herokuapp.theinternet.windowstests.WindowsTests"/>
</testsuite> <!-- com.herokuapp.theinternet.windowstests.WindowsTests -->
