<?xml version="1.0" encoding="UTF-8"?>
<!-- Generated by org.testng.reporters.JUnitReportReporter -->
<testsuite skipped="0" hostname="del1-lhp-n01868" name="com.herokuapp.theinternet.loginpagetests.LoginPageTests" tests="2" failures="0" timestamp="15 Jun 2020 14:29:42 GMT" time="42.049" errors="0">
  <testcase name="positiveLoginTest" time="21.191" classname="com.herokuapp.theinternet.loginpagetests.LoginPageTests"/>
  <testcase name="negativeLoginTest" time="20.858" classname="com.herokuapp.theinternet.loginpagetests.LoginPageTests"/>
</testsuite> <!-- com.herokuapp.theinternet.loginpagetests.LoginPageTests -->
