<?xml version="1.0" encoding="UTF-8"?>
<!-- Generated by org.testng.reporters.JUnitReportReporter -->
<testsuite skipped="0" hostname="del1-lhp-n01868" name="com.herokuapp.theinternet.hoverstests.HoversTests" tests="2" failures="0" timestamp="15 Jun 2020 11:13:09 GMT" time="68.532" errors="0">
  <testcase name="user2ProfileTest" time="25.661" classname="com.herokuapp.theinternet.hoverstests.HoversTests"/>
  <testcase name="user2ProfileTest" time="42.871" classname="com.herokuapp.theinternet.hoverstests.HoversTests"/>
</testsuite> <!-- com.herokuapp.theinternet.hoverstests.HoversTests -->
