<?xml version="1.0" encoding="UTF-8"?>
<!-- Generated by org.testng.reporters.JUnitReportReporter -->
<testsuite skipped="0" hostname="del1-lhp-n01868" name="com.herokuapp.theinternet.alertstests.AlertsTests" tests="3" failures="0" timestamp="15 Jun 2020 10:56:58 GMT" time="90.839" errors="0">
  <testcase name="jsDismissTest" time="48.590" classname="com.herokuapp.theinternet.alertstests.AlertsTests"/>
  <testcase name="jsAlertTest" time="21.482" classname="com.herokuapp.theinternet.alertstests.AlertsTests"/>
  <testcase name="jsPromptTest" time="20.767" classname="com.herokuapp.theinternet.alertstests.AlertsTests"/>
</testsuite> <!-- com.herokuapp.theinternet.alertstests.AlertsTests -->
