<?xml version="1.0" encoding="UTF-8"?>
<!-- Generated by org.testng.reporters.JUnitReportReporter -->
<testsuite skipped="0" hostname="del1-lhp-n01868" name="com.herokuapp.theinternet.editortests.EditorTests" tests="1" failures="0" timestamp="15 Jun 2020 11:09:55 GMT" time="51.227" errors="0">
  <testcase name="defaultEditorValueTest" time="51.227" classname="com.herokuapp.theinternet.editortests.EditorTests"/>
</testsuite> <!-- com.herokuapp.theinternet.editortests.EditorTests -->
