<?xml version="1.0" encoding="UTF-8"?>
<!-- Generated by org.testng.reporters.JUnitReportReporter -->
<testsuite skipped="0" hostname="del1-lhp-n01868" name="com.herokuapp.theinternet.PositiveTests" tests="1" failures="0" timestamp="04 Jun 2020 11:29:07 GMT" time="13.603" errors="0">
  <testcase name="loginTest" time="13.603" classname="com.herokuapp.theinternet.PositiveTests"/>
</testsuite> <!-- com.herokuapp.theinternet.PositiveTests -->
