<?xml version="1.0" encoding="UTF-8"?>
<!-- Generated by org.testng.reporters.JUnitReportReporter -->
<testsuite skipped="0" hostname="del1-lhp-n01868" name="com.herokuapp.theinternet.NegativeTests" tests="2" failures="0" timestamp="04 Jun 2020 11:34:05 GMT" time="30.075" errors="0">
  <testcase name="incorrectUsername" time="16.032" classname="com.herokuapp.theinternet.NegativeTests"/>
  <testcase name="incorrectPassword" time="14.043" classname="com.herokuapp.theinternet.NegativeTests"/>
</testsuite> <!-- com.herokuapp.theinternet.NegativeTests -->
